/Users/orangeblossom/SpeedLabJr/scripts/venv/lib/python3.9/site-packages/google/auth/__init__.py:54: FutureWarning: You are using a Python version 3.9 past its end of life. Google will update google-auth with critical bug fixes on a best-effort basis, but not with any other fixes or features. Please upgrade your Python version, and then update google-auth.
  warnings.warn(eol_message.format("3.9"), FutureWarning)
/Users/orangeblossom/SpeedLabJr/scripts/venv/lib/python3.9/site-packages/urllib3/__init__.py:35: NotOpenSSLWarning: urllib3 v2 only supports OpenSSL 1.1.1+, currently the 'ssl' module is compiled with 'LibreSSL 2.8.3'. See: https://github.com/urllib3/urllib3/issues/3020
  warnings.warn(
/Users/orangeblossom/SpeedLabJr/scripts/venv/lib/python3.9/site-packages/google/oauth2/__init__.py:40: FutureWarning: You are using a Python version 3.9 past its end of life. Google will update google-auth with critical bug fixes on a best-effort basis, but not with any other fixes or features. Please upgrade your Python version, and then update google-auth.
  warnings.warn(eol_message.format("3.9"), FutureWarning)

--- Generating: Easy Jog or Brisk Walk -> easy-jog-or-brisk-walk.mp4 ---
Sending request to Veo 2...
Received operation from Google. Poll taking several minutes...
Operation Info: name='models/veo-2.0-generate-001/operations/tz35us59m942' metadata=None done=None error=None response=None result=None
Because video generation takes 5-10 minutes, the script must wait here.
(Skipping real polling for now to avoid hanging terminal)
Waiting 60 seconds before queueing the next video to avoid quota limits...

--- Generating: World's Greatest Stretch -> worlds-greatest-stretch.mp4 ---
Sending request to Veo 2...
Received operation from Google. Poll taking several minutes...
Operation Info: name='models/veo-2.0-generate-001/operations/3svktctlj343' metadata=None done=None error=None response=None result=None
Because video generation takes 5-10 minutes, the script must wait here.
(Skipping real polling for now to avoid hanging terminal)
Waiting 60 seconds before queueing the next video to avoid quota limits...

--- Generating: 90/90 Hip Stretch -> 90-90-hip-stretch.mp4 ---
Sending request to Veo 2...
Received operation from Google. Poll taking several minutes...
Operation Info: name='models/veo-2.0-generate-001/operations/3mfbmwnj64c4' metadata=None done=None error=None response=None result=None
Because video generation takes 5-10 minutes, the script must wait here.
(Skipping real polling for now to avoid hanging terminal)
Waiting 60 seconds before queueing the next video to avoid quota limits...

--- Generating: Hip Flexor Lunge + Reach -> hip-flexor-lunge-and-reach.mp4 ---
Sending request to Veo 2...
Received operation from Google. Poll taking several minutes...
Operation Info: name='models/veo-2.0-generate-001/operations/el4uly0gf9di' metadata=None done=None error=None response=None result=None
Because video generation takes 5-10 minutes, the script must wait here.
(Skipping real polling for now to avoid hanging terminal)
Waiting 60 seconds before queueing the next video to avoid quota limits...

--- Generating: Thread the Needle -> thread-the-needle.mp4 ---
Sending request to Veo 2...
Received operation from Google. Poll taking several minutes...
Operation Info: name='models/veo-2.0-generate-001/operations/74xhcpwmhloi' metadata=None done=None error=None response=None result=None
Because video generation takes 5-10 minutes, the script must wait here.
(Skipping real polling for now to avoid hanging terminal)
Waiting 60 seconds before queueing the next video to avoid quota limits...

--- Generating: Ankle Circles -> ankle-circles.mp4 ---
Sending request to Veo 2...
Received operation from Google. Poll taking several minutes...
Operation Info: name='models/veo-2.0-generate-001/operations/u2fgjkh4zzq5' metadata=None done=None error=None response=None result=None
Because video generation takes 5-10 minutes, the script must wait here.
(Skipping real polling for now to avoid hanging terminal)
Waiting 60 seconds before queueing the next video to avoid quota limits...

--- Generating: Single-Leg RDL (bodyweight) -> single-leg-rdl-bodyweight.mp4 ---
Sending request to Veo 2...
Received operation from Google. Poll taking several minutes...
Operation Info: name='models/veo-2.0-generate-001/operations/ssf70agmiy9v' metadata=None done=None error=None response=None result=None
Because video generation takes 5-10 minutes, the script must wait here.
(Skipping real polling for now to avoid hanging terminal)
Waiting 60 seconds before queueing the next video to avoid quota limits...

--- Generating: Heel-to-Toe Walk (tightrope) -> heel-to-toe-walk-tightrope.mp4 ---
Sending request to Veo 2...
Received operation from Google. Poll taking several minutes...
Operation Info: name='models/veo-2.0-generate-001/operations/7mlvsbvstdgp' metadata=None done=None error=None response=None result=None
Because video generation takes 5-10 minutes, the script must wait here.
(Skipping real polling for now to avoid hanging terminal)
Waiting 60 seconds before queueing the next video to avoid quota limits...
Execution finished.
